-------------------------------------------------------------------------------- 
Program Installed at 29/05/2017 21:43:06.30 by AuthorFilms Studios 
Batched Engine Version v1.1.0, BEVL Version 1.1.0 
-------------------------------------------------------------------------------- 
 
# Checking program install... 
# 29/05/2017 21:43:08.07 
 
# Install successful! 
# 29/05/2017 21:43:08.10 
 
# Product Activation successful. 
# Product Key:  
# 29/05/2017 21:43:08.12 
 
-------------------------------------------------------------------------------- 
Program Started at 29/05/2017 21:43:08.13 
-------------------------------------------------------------------------------- 
 
# Setting up log.ini and live1/live2.txt startup files... 
# 29/05/2017 21:43:08.20 
 
# Loading startup resources. 
# 29/05/2017 21:43:08.24 
 
# Running NETCHECK task... 
# 29/05/2017 21:43:08.30 
 
# NETCHECK complete (or skipped, depending on preferences) 
# 29/05/2017 21:43:37.16 
 
# Recovery being checked.. 
# 29/05/2017 21:44:29.50 
 
# Program clearing up... 
# 29/05/2017 21:44:29.55 
 
-------------------------------------------------------------------------------- 
Program Started at 29/05/2017 21:44:31.18 
-------------------------------------------------------------------------------- 
 
# Program did not shut down correctly. Displaying startup warning. 
# 29/05/2017 21:44:31.19 
 
# Setting up log.ini and live1/live2.txt startup files... 
# 29/05/2017 21:44:31.22 
 
# Loading startup resources. 
# 29/05/2017 21:44:31.27 
 
# Running NETCHECK task... 
# 29/05/2017 21:44:31.33 
 
# NETCHECK complete (or skipped, depending on preferences) 
# 29/05/2017 21:44:32.52 
 
# Recovery being checked.. 
# 29/05/2017 21:44:34.19 
 
# Program clearing up... 
# 29/05/2017 21:44:34.25 
 
# Location: MAIN_MENU (Main Menu) 
# 29/05/2017 21:44:34.28 
 
-------------------------------------------------------------------------------- 
Program Started at 29/05/2017 21:47:25.70 
-------------------------------------------------------------------------------- 
 
# Program did not shut down correctly. Displaying startup warning. 
# 29/05/2017 21:47:25.72 
 
# Setting up log.ini and live1/live2.txt startup files... 
# 29/05/2017 21:47:25.76 
 
# Loading startup resources. 
# 29/05/2017 21:47:25.82 
 
# Running NETCHECK task... 
# 29/05/2017 21:47:25.88 
 
# NETCHECK complete (or skipped, depending on preferences) 
# 29/05/2017 21:47:28.30 
 
# Recovery being checked.. 
# 29/05/2017 21:47:30.26 
 
# Program clearing up... 
# 29/05/2017 21:47:30.33 
 
# Location: MAIN_MENU (Main Menu) 
# 29/05/2017 21:47:30.36 
 
-------------------------------------------------------------------------------- 
Program Started at 29/05/2017 21:47:34.69 
-------------------------------------------------------------------------------- 
 
# Program did not shut down correctly. Displaying startup warning. 
# 29/05/2017 21:47:34.72 
 
# Setting up log.ini and live1/live2.txt startup files... 
# 29/05/2017 21:47:34.76 
 
# Loading startup resources. 
# 29/05/2017 21:47:34.81 
 
# Running NETCHECK task... 
# 29/05/2017 21:47:34.87 
 
# NETCHECK complete (or skipped, depending on preferences) 
# 29/05/2017 21:47:36.05 
 
# Recovery being checked.. 
# 29/05/2017 21:47:38.67 
 
# Program clearing up... 
# 29/05/2017 21:47:38.72 
 
# Location: MAIN_MENU (Main Menu) 
# 29/05/2017 21:47:38.76 
 
# Location: SETTINGS (Settings) 
# 29/05/2017 21:47:41.57 
 
# Location: SETT_STRT (Startup Settings) 
# 29/05/2017 21:47:44.11 
 
# Toggling internet connectivity. Checking current status. 
# 29/05/2017 21:47:45.50 
 
# Disabled Internet Connectivity. 
# 29/05/2017 21:47:45.51 
 
# Location: SETT_STRT (Startup Settings) 
# 29/05/2017 21:47:46.10 
 
# Toggling autoupdater. Checking current status. 
# 29/05/2017 21:47:48.29 
 
# Disabling autoupdater. 
# 29/05/2017 21:47:48.30 
 
# Location: SETT_STRT (Startup Settings) 
# 29/05/2017 21:47:48.60 
 
# Toggling startup errors. Checking current status. 
# 29/05/2017 21:47:49.77 
 
# Enabling startup errors. 
# 29/05/2017 21:47:49.78 
 
# Location: SETT_STRT (Startup Settings) 
# 29/05/2017 21:47:50.32 
 
# Toggling startup errors. Checking current status. 
# 29/05/2017 21:47:50.60 
 
# Disabling startup errors. 
# 29/05/2017 21:47:50.61 
 
# Location: SETT_STRT (Startup Settings) 
# 29/05/2017 21:47:50.99 
 
# Location: SETTINGS (Settings) 
# 29/05/2017 21:47:52.95 
 
# Location: MAIN_MENU (Main Menu) 
# 29/05/2017 21:47:53.99 
 
# Program clearing up... 
# 29/05/2017 21:47:55.45 
 
# Program shutting down... 
# 29/05/2017 21:47:55.47 
 
-------------------------------------------------------------------------------- 
Program Started at 29/05/2017 21:47:57.70 
-------------------------------------------------------------------------------- 
 
# Setting up log.ini and live1/live2.txt startup files... 
# 29/05/2017 21:47:57.73 
 
# Loading startup resources. 
# 29/05/2017 21:47:57.81 
 
# Running NETCHECK task... 
# 29/05/2017 21:47:57.89 
 
# NETCHECK complete (or skipped, depending on preferences) 
# 29/05/2017 21:47:59.77 
 
# Recovery being checked.. 
# 29/05/2017 21:48:00.24 
 
# Program clearing up... 
# 29/05/2017 21:48:00.30 
 
# Location: MAIN_MENU (Main Menu) 
# 29/05/2017 21:48:00.34 
 
-------------------------------------------------------------------------------- 
Program Started at 29/05/2017 21:48:03.68 
-------------------------------------------------------------------------------- 
 
# Program did not shut down correctly. Displaying startup warning. 
# 29/05/2017 21:48:03.71 
 
# Setting up log.ini and live1/live2.txt startup files... 
# 29/05/2017 21:48:03.74 
 
# Loading startup resources. 
# 29/05/2017 21:48:03.78 
 
# Running NETCHECK task... 
# 29/05/2017 21:48:03.84 
 
# NETCHECK complete (or skipped, depending on preferences) 
# 29/05/2017 21:48:04.69 
 
# Recovery being checked.. 
# 29/05/2017 21:48:05.08 
 
# Program clearing up... 
# 29/05/2017 21:48:05.13 
 
# Location: MAIN_MENU (Main Menu) 
# 29/05/2017 21:48:05.15 
 
-------------------------------------------------------------------------------- 
Program Started at 29/05/2017 21:48:08.69 
-------------------------------------------------------------------------------- 
 
# Program did not shut down correctly. Displaying startup warning. 
# 29/05/2017 21:48:08.71 
 
# Setting up log.ini and live1/live2.txt startup files... 
# 29/05/2017 21:48:08.74 
 
# Loading startup resources. 
# 29/05/2017 21:48:08.79 
 
# Running NETCHECK task... 
# 29/05/2017 21:48:08.85 
 
# NETCHECK complete (or skipped, depending on preferences) 
# 29/05/2017 21:48:09.81 
 
# Recovery being checked.. 
# 29/05/2017 21:48:10.20 
 
# Program clearing up... 
# 29/05/2017 21:48:10.26 
 
# Location: MAIN_MENU (Main Menu) 
# 29/05/2017 21:48:10.28 
 
# Location: MAIN_MENU (Main Menu) 
# 29/05/2017 21:48:10.37 
 
# Location: SETTINGS (Settings) 
# 29/05/2017 21:48:11.60 
 
# Location: SETT_GEN (General Settings) 
# 29/05/2017 21:48:13.69 
 
# Reset all program preferences. 
# 29/05/2017 21:48:15.67 
 
# Location: SETT_GEN (General Settings) 
# 29/05/2017 21:48:16.38 
 
-------------------------------------------------------------------------------- 
Program Started at 29/05/2017 21:48:19.69 
-------------------------------------------------------------------------------- 
 
# Program did not shut down correctly. Displaying startup warning. 
# 29/05/2017 21:48:19.71 
 
# Setting up log.ini and live1/live2.txt startup files... 
# 29/05/2017 21:48:20.99 
 
# Loading startup resources. 
# 29/05/2017 21:48:21.04 
 
# Running NETCHECK task... 
# 29/05/2017 21:48:21.12 
 
# NETCHECK complete (or skipped, depending on preferences) 
# 29/05/2017 21:48:22.21 
 
# Recovery being checked.. 
# 29/05/2017 21:48:22.62 
 
# Program clearing up... 
# 29/05/2017 21:48:22.69 
 
# Location: MAIN_MENU (Main Menu) 
# 29/05/2017 21:48:22.73 
 
# Location: SETTINGS (Settings) 
# 29/05/2017 21:48:24.13 
 
# NETCHECK complete (or skipped, depending on preferences) 
# 29/05/2017 21:49:44.31 
 
# Recovery being checked.. 
# 29/05/2017 21:49:44.80 
 
# Program clearing up... 
# 29/05/2017 21:49:44.97 
 
# Location: MAIN_MENU (Main Menu) 
# 29/05/2017 21:49:45.03 
 
-------------------------------------------------------------------------------- 
Program Started at 29/05/2017 21:51:09.69 
-------------------------------------------------------------------------------- 
 
# Program did not shut down correctly. Displaying startup warning. 
# 29/05/2017 21:51:09.71 
 
# Setting up log.ini and live1/live2.txt startup files... 
# 29/05/2017 21:51:10.54 
 
# Loading startup resources. 
# 29/05/2017 21:51:10.59 
 
# Running NETCHECK task... 
# 29/05/2017 21:51:10.67 
 
# NETCHECK complete (or skipped, depending on preferences) 
# 29/05/2017 21:51:11.71 
 
# Recovery being checked.. 
# 29/05/2017 21:51:12.13 
 
# Program clearing up... 
# 29/05/2017 21:51:12.18 
 
# Location: MAIN_MENU (Main Menu) 
# 29/05/2017 21:51:12.20 
 
# Location: SETTINGS (Settings) 
# 29/05/2017 21:51:13.87 
 
# Location: SETT_STRT (Startup Settings) 
# 29/05/2017 21:51:14.87 
 
# Toggling startup errors. Checking current status. 
# 29/05/2017 21:51:16.03 
 
# Disabling startup errors. 
# 29/05/2017 21:51:16.05 
 
# Location: SETT_STRT (Startup Settings) 
# 29/05/2017 21:51:16.42 
 
# Toggling internet connectivity. Checking current status. 
# 29/05/2017 21:51:17.70 
 
# Enabled Internet Connectivity. 
# 29/05/2017 21:51:17.71 
 
# Location: SETT_STRT (Startup Settings) 
# 29/05/2017 21:51:18.09 
 
# Toggling autoupdater. Checking current status. 
# 29/05/2017 21:51:19.39 
 
# Enabling autoupdater. 
# 29/05/2017 21:51:19.40 
 
# Location: SETT_STRT (Startup Settings) 
# 29/05/2017 21:51:19.74 
 
# Location: SETTINGS (Settings) 
# 29/05/2017 21:51:21.72 
 
# Location: MAIN_MENU (Main Menu) 
# 29/05/2017 21:51:22.08 
 
# Program clearing up... 
# 29/05/2017 21:51:23.09 
 
# Program shutting down... 
# 29/05/2017 21:51:23.10 
 
-------------------------------------------------------------------------------- 
Program Started at 29/05/2017 21:51:24.70 
-------------------------------------------------------------------------------- 
 
# Setting up log.ini and live1/live2.txt startup files... 
# 29/05/2017 21:51:24.72 
 
# Loading startup resources. 
# 29/05/2017 21:51:24.76 
 
# Running NETCHECK task... 
# 29/05/2017 21:51:24.84 
 
# NETCHECK complete (or skipped, depending on preferences) 
# 29/05/2017 21:51:26.22 
 
# Recovery being checked.. 
# 29/05/2017 21:51:28.07 
 
# Program clearing up... 
# 29/05/2017 21:51:28.13 
 
# Location: MAIN_MENU (Main Menu) 
# 29/05/2017 21:51:28.16 
 
# Location: HELP 
# 29/05/2017 21:51:30.36 
 
# Location: HELP 
# 29/05/2017 21:51:31.54 
 
# Location: HELP 
# 29/05/2017 21:51:32.06 
 
# Location: HELP 
# 29/05/2017 21:51:32.14 
 
# Location: HELP 
# 29/05/2017 21:51:32.20 
 
# Location: HELP 
# 29/05/2017 21:51:32.26 
 
# Location: HELP 
# 29/05/2017 21:51:32.31 
 
# Location: HELP 
# 29/05/2017 21:51:32.36 
 
# Location: HELP 
# 29/05/2017 21:51:32.42 
 
# Location: HELP 
# 29/05/2017 21:51:32.47 
 
# Location: HELP 
# 29/05/2017 21:51:32.53 
 
# Location: HELP 
# 29/05/2017 21:51:32.58 
 
# Location: HELP 
# 29/05/2017 21:51:32.64 
 
# Location: HELP 
# 29/05/2017 21:51:32.69 
 
# Location: HELP 
# 29/05/2017 21:51:32.76 
 
# Location: HELP 
# 29/05/2017 21:51:32.82 
 
# Location: HELP 
# 29/05/2017 21:51:32.87 
 
# Location: HELP 
# 29/05/2017 21:51:32.94 
 
# Location: HELP 
# 29/05/2017 21:51:33.00 
 
# Location: HELP 
# 29/05/2017 21:51:33.06 
 
# Location: HELP 
# 29/05/2017 21:51:33.13 
 
# Location: HELP 
# 29/05/2017 21:51:33.19 
 
# Location: HELP 
# 29/05/2017 21:51:33.25 
 
# Location: HELP 
# 29/05/2017 21:51:33.30 
 
# Location: HELP 
# 29/05/2017 21:51:33.37 
 
# Location: HELP 
# 29/05/2017 21:51:33.43 
 
# Location: HELP 
# 29/05/2017 21:51:33.49 
 
# Location: HELP 
# 29/05/2017 21:51:33.55 
 
# Location: HELP 
# 29/05/2017 21:51:33.62 
 
# Location: HELP 
# 29/05/2017 21:51:33.67 
 
# Location: HELP 
# 29/05/2017 21:51:33.72 
 
# Location: HELP 
# 29/05/2017 21:51:33.78 
 
# Location: HELP 
# 29/05/2017 21:51:33.93 
 
# Location: HELP 
# 29/05/2017 21:51:33.99 
 
# Location: HELP 
# 29/05/2017 21:51:34.04 
 
# Location: HELP 
# 29/05/2017 21:51:34.10 
 
# Location: HELP 
# 29/05/2017 21:51:34.17 
 
# Location: HELP 
# 29/05/2017 21:51:34.24 
 
# Location: HELP 
# 29/05/2017 21:51:34.29 
 
# Location: HELP 
# 29/05/2017 21:51:34.34 
 
# Location: MAIN_MENU (Main Menu) 
# 29/05/2017 21:51:35.66 
 
# Location: ABOUT 
# 29/05/2017 21:51:37.49 
 
# Location: MAIN_MENU (Main Menu) 
# 29/05/2017 21:51:48.93 
 
# Location: MAIN_MENU (Main Menu) 
# 29/05/2017 21:51:49.45 
 
# Location: MAIN_MENU (Main Menu) 
# 29/05/2017 21:51:49.54 
 
# Location: MAIN_MENU (Main Menu) 
# 29/05/2017 21:51:49.63 
 
# Location: MAIN_MENU (Main Menu) 
# 29/05/2017 21:51:49.73 
 
# Location: MAIN_MENU (Main Menu) 
# 29/05/2017 21:51:49.83 
 
# Location: MAIN_MENU (Main Menu) 
# 29/05/2017 21:51:49.93 
 
# Location: MAIN_MENU (Main Menu) 
# 29/05/2017 21:51:50.04 
 
# Location: MAIN_MENU (Main Menu) 
# 29/05/2017 21:51:50.15 
 
# Location: MAIN_MENU (Main Menu) 
# 29/05/2017 21:51:50.27 
 
# Location: MAIN_MENU (Main Menu) 
# 29/05/2017 21:51:50.36 
 
# Location: MAIN_MENU (Main Menu) 
# 29/05/2017 21:51:50.46 
 
# Location: MAIN_MENU (Main Menu) 
# 29/05/2017 21:51:50.55 
 
